<?xml version="1.0" encoding="UTF-8"?>
<testng-results ignored="0" total="4" passed="4" failed="0" skipped="0">
  <reporter-output>
  </reporter-output>
  <suite started-at="2026-02-09T11:57:14 IST" name="Command line suite" finished-at="2026-02-09T11:57:17 IST" duration-ms="3552">
    <groups>
    </groups>
    <test started-at="2026-02-09T11:57:14 IST" name="Command line test" finished-at="2026-02-09T11:57:17 IST" duration-ms="3552">
      <class name="com.automation.tests.CrudTest">
        <test-method signature="createNewPost()[pri:1, instance:com.automation.tests.CrudTest@8317c52]" started-at="2026-02-09T11:57:14 IST" name="createNewPost" description="Create a new post" finished-at="2026-02-09T11:57:16 IST" duration-ms="1919" status="PASS">
          <reporter-output>
          </reporter-output>
        </test-method> <!-- createNewPost -->
        <test-method signature="getPost()[pri:2, instance:com.automation.tests.CrudTest@8317c52]" started-at="2026-02-09T11:57:16 IST" name="getPost" description="Get the created post" finished-at="2026-02-09T11:57:16 IST" duration-ms="233" status="PASS">
          <reporter-output>
          </reporter-output>
        </test-method> <!-- getPost -->
        <test-method signature="updatePost()[pri:3, instance:com.automation.tests.CrudTest@8317c52]" started-at="2026-02-09T11:57:16 IST" name="updatePost" description="Update the post" finished-at="2026-02-09T11:57:16 IST" duration-ms="435" status="PASS">
          <reporter-output>
          </reporter-output>
        </test-method> <!-- updatePost -->
        <test-method signature="deletePost()[pri:4, instance:com.automation.tests.CrudTest@8317c52]" started-at="2026-02-09T11:57:16 IST" name="deletePost" description="Delete the post" finished-at="2026-02-09T11:57:17 IST" duration-ms="894" status="PASS">
          <reporter-output>
          </reporter-output>
        </test-method> <!-- deletePost -->
      </class> <!-- com.automation.tests.CrudTest -->
      <class name="com.automation.tests.BaseTest">
        <test-method is-config="true" signature="setup()[pri:0, instance:com.automation.tests.BaseTest@3c947bc5]" started-at="2026-02-09T11:57:13 IST" name="setup" finished-at="2026-02-09T11:57:14 IST" duration-ms="276" status="PASS">
          <reporter-output>
          </reporter-output>
        </test-method> <!-- setup -->
      </class> <!-- com.automation.tests.BaseTest -->
    </test> <!-- Command line test -->
  </suite> <!-- Command line suite -->
</testng-results>
