<?xml version="1.0" encoding="UTF-8" ?>
<testsuite tests="4" failures="0" name="TestSuite" time="3.526" errors="0" skipped="0">
  <properties>
[...]
</properties>
  <testcase classname="com.automation.tests.CrudTest" name="createNewPost" time="1.96"/>
  <testcase classname="com.automation.tests.CrudTest" name="getPost" time="0.236"/>
  <testcase classname="com.automation.tests.CrudTest" name="updatePost" time="0.435"/>
  <testcase classname="com.automation.tests.CrudTest" name="deletePost" time="0.895"/>
</testsuite>