<?xml version="1.0" encoding="UTF-8"?>
<!-- Generated by org.testng.reporters.JUnitXMLReporter -->
<testsuite ignored="1" hostname="LAPTOP-VRK0DJHS" failures="0" tests="4" name="Command line test" time="3.552" errors="0" timestamp="2026-02-09T11:57:17 IST">
  <testcase classname="com.automation.tests.CrudTest" name="createNewPost" time="1.919"/>
  <testcase classname="com.automation.tests.CrudTest" name="getPost" time="0.233"/>
  <testcase classname="com.automation.tests.CrudTest" name="updatePost" time="0.435"/>
  <testcase classname="com.automation.tests.CrudTest" name="deletePost" time="0.894"/>
  <testcase classname="com.automation.tests.BaseTest" name="@BeforeSuite setup" time="0.0">
    <ignored/>
  </testcase> <!-- @BeforeSuite setup -->
</testsuite> <!-- Command line test -->
