<?xml version="1.0" encoding="UTF-8"?>
<!-- Generated by org.testng.reporters.JUnitReportReporter -->
<testsuite hostname="LAPTOP-VRK0DJHS" failures="0" tests="4" name="com.automation.tests.CrudTest" time="3.481" errors="0" timestamp="2026-02-09T11:57:17 IST" skipped="0">
  <testcase classname="com.automation.tests.CrudTest" name="createNewPost" time="1.919"/>
  <testcase classname="com.automation.tests.CrudTest" name="getPost" time="0.233"/>
  <testcase classname="com.automation.tests.CrudTest" name="updatePost" time="0.435"/>
  <testcase classname="com.automation.tests.CrudTest" name="deletePost" time="0.894"/>
</testsuite> <!-- com.automation.tests.CrudTest -->
